2026-01-18 15:38:59,778 | INFO | tripclick-producer | START file=/home/ubuntu/server1/date=2026-01-01/events.json topic=tripclick_raw_logs brokers=['10.0.0.207:9092', '10.0.0.207:9093', '10.0.0.207:9094']
2026-01-18 15:38:59,976 | INFO | tripclick-producer | progress sent=1000 topic=tripclick_raw_logs last_session=nur21p3iwwq4idrc5vplqoe3 event_ts=2026-01-01T15:01:42.983078+00:00
2026-01-18 15:39:00,042 | INFO | tripclick-producer | progress sent=2000 topic=tripclick_raw_logs last_session=fhrxmvy1lg4xc2zxtjlr1i45 event_ts=2026-01-01T15:02:51.105117+00:00
2026-01-18 15:39:00,139 | INFO | tripclick-producer | progress sent=3000 topic=tripclick_raw_logs last_session=0c1wvnbz2t2t4v553d0h4f55 event_ts=2026-01-01T15:04:12.701111+00:00
2026-01-18 15:39:00,207 | INFO | tripclick-producer | progress sent=4000 topic=tripclick_raw_logs last_session=lizydo2osaoyaq55cxpmpz45 event_ts=2026-01-01T15:04:51.414008+00:00
2026-01-18 15:39:00,286 | INFO | tripclick-producer | progress sent=5000 topic=tripclick_raw_logs last_session=5pqkwh45tsvqw3f53ghw3r45 event_ts=2026-01-01T15:05:32.355163+00:00
2026-01-18 15:39:00,378 | INFO | tripclick-producer | progress sent=6000 topic=tripclick_raw_logs last_session=p0fkm2a4g2uenh45f3ymke45 event_ts=2026-01-01T15:06:19.155494+00:00
2026-01-18 15:39:00,445 | INFO | tripclick-producer | progress sent=7000 topic=tripclick_raw_logs last_session=by3aj155qyq1l2ynkvkyjvvj event_ts=2026-01-01T15:07:15.901051+00:00
2026-01-18 15:39:00,524 | INFO | tripclick-producer | progress sent=8000 topic=tripclick_raw_logs last_session=uy50stn2mhyrty203aidk245 event_ts=2026-01-01T15:08:33.486516+00:00
2026-01-18 15:39:00,590 | INFO | tripclick-producer | progress sent=9000 topic=tripclick_raw_logs last_session=l4ewzs553p5wgx451ajjzb45 event_ts=2026-01-01T15:09:17.482605+00:00
2026-01-18 15:39:00,697 | INFO | tripclick-producer | progress sent=10000 topic=tripclick_raw_logs last_session=25txvv45g3ve3z45agyfjhbg event_ts=2026-01-01T15:09:59.884799+00:00
2026-01-18 15:39:00,776 | INFO | tripclick-producer | progress sent=11000 topic=tripclick_raw_logs last_session=vtjgaf45vldvys55wgxd2dzz event_ts=2026-01-01T15:10:46.267318+00:00
2026-01-18 15:39:00,843 | INFO | tripclick-producer | progress sent=12000 topic=tripclick_raw_logs last_session=ucdkhznfwuptcizfoirfchqz event_ts=2026-01-01T15:11:27.619697+00:00
2026-01-18 15:39:00,922 | INFO | tripclick-producer | progress sent=13000 topic=tripclick_raw_logs last_session=nu4cxb450jrmj445ja4p33b2 event_ts=2026-01-01T15:12:34.109669+00:00
2026-01-18 15:39:00,988 | INFO | tripclick-producer | progress sent=14000 topic=tripclick_raw_logs last_session=t5idxv55nhwps3ijvfwpbu33 event_ts=2026-01-01T15:13:27.382181+00:00
2026-01-18 15:39:01,055 | INFO | tripclick-producer | progress sent=15000 topic=tripclick_raw_logs last_session=y5ljk145jyesdj55baivzijh event_ts=2026-01-01T15:14:03.031349+00:00
2026-01-18 15:39:01,134 | INFO | tripclick-producer | progress sent=16000 topic=tripclick_raw_logs last_session=m4bau2uzomxg1om2ohkgtxny event_ts=2026-01-01T15:14:44.823027+00:00
2026-01-18 15:39:01,229 | INFO | tripclick-producer | progress sent=17000 topic=tripclick_raw_logs last_session=nhx2rl45vcv3t4bs2vtfpy45 event_ts=2026-01-01T15:15:23.954842+00:00
2026-01-18 15:39:01,296 | INFO | tripclick-producer | progress sent=18000 topic=tripclick_raw_logs last_session=kyjdth45y4pvuc55j5ceh5na event_ts=2026-01-01T15:16:05.990678+00:00
2026-01-18 15:39:01,363 | INFO | tripclick-producer | progress sent=19000 topic=tripclick_raw_logs last_session=2ybf22riblrsapizrgw03rei event_ts=2026-01-01T15:17:20.964060+00:00
2026-01-18 15:39:01,442 | INFO | tripclick-producer | progress sent=20000 topic=tripclick_raw_logs last_session=pf2rmw55zrwomsr2ja0jfp45 event_ts=2026-01-01T15:18:06.160993+00:00
2026-01-18 15:39:01,509 | INFO | tripclick-producer | progress sent=21000 topic=tripclick_raw_logs last_session=gvfmzhvnwl3yoy45s20y5345 event_ts=2026-01-01T15:18:49.552050+00:00
2026-01-18 15:39:01,588 | INFO | tripclick-producer | progress sent=22000 topic=tripclick_raw_logs last_session=hdaid155552oj455cnwaym3v event_ts=2026-01-01T15:19:30.764188+00:00
2026-01-18 15:39:01,655 | INFO | tripclick-producer | progress sent=23000 topic=tripclick_raw_logs last_session=ypqksp55ea14oj55uqn4tjun event_ts=2026-01-01T15:20:24.241406+00:00
2026-01-18 15:39:01,752 | INFO | tripclick-producer | progress sent=24000 topic=tripclick_raw_logs last_session=2sqq3l45yaouox45ux4zeq55 event_ts=2026-01-01T15:21:22.601519+00:00
2026-01-18 15:39:01,818 | INFO | tripclick-producer | progress sent=25000 topic=tripclick_raw_logs last_session=cm1kkz45itnpiy55hm5co345 event_ts=2026-01-01T15:22:32.020371+00:00
2026-01-18 15:39:01,901 | INFO | tripclick-producer | progress sent=26000 topic=tripclick_raw_logs last_session=iu3pj345mqfvrye0cmgp52zh event_ts=2026-01-01T15:23:11.665442+00:00
2026-01-18 15:39:01,990 | INFO | tripclick-producer | progress sent=27000 topic=tripclick_raw_logs last_session=05ufftq5tq5obnegiotkeouv event_ts=2026-01-01T15:23:52.578718+00:00
2026-01-18 15:39:02,069 | INFO | tripclick-producer | progress sent=28000 topic=tripclick_raw_logs last_session=t5ong24543fi3njxjg3rt455 event_ts=2026-01-01T15:24:27.966021+00:00
2026-01-18 15:39:02,136 | INFO | tripclick-producer | progress sent=29000 topic=tripclick_raw_logs last_session=5t4mbamy5qk2mv55o4ko0345 event_ts=2026-01-01T15:25:07.321651+00:00
2026-01-18 15:39:02,201 | INFO | tripclick-producer | progress sent=30000 topic=tripclick_raw_logs last_session=wmijyxvzm5ydvd3drohjro45 event_ts=2026-01-01T15:26:25.918392+00:00
2026-01-18 15:39:02,281 | INFO | tripclick-producer | progress sent=31000 topic=tripclick_raw_logs last_session=bg1junmiimy3h4vuhtm5wnmg event_ts=2026-01-01T15:27:10.114266+00:00
2026-01-18 15:39:02,347 | INFO | tripclick-producer | progress sent=32000 topic=tripclick_raw_logs last_session=pljdzx45rs30fa55i35a5045 event_ts=2026-01-01T15:27:49.886230+00:00
2026-01-18 15:39:02,426 | INFO | tripclick-producer | progress sent=33000 topic=tripclick_raw_logs last_session=4khotxm21jvm54e1ogyc3p55 event_ts=2026-01-01T15:28:30.210570+00:00
2026-01-18 15:39:02,492 | INFO | tripclick-producer | progress sent=34000 topic=tripclick_raw_logs last_session=mvfczenebgtkdr55yl1d3cqo event_ts=2026-01-01T15:29:25.438121+00:00
2026-01-18 15:39:02,559 | INFO | tripclick-producer | progress sent=35000 topic=tripclick_raw_logs last_session=1vojvozdorg41cerrxl0ci55 event_ts=2026-01-01T15:30:22.842412+00:00
2026-01-18 15:39:02,638 | INFO | tripclick-producer | progress sent=36000 topic=tripclick_raw_logs last_session=pyklcd45ec2bhdvgpb1oxofo event_ts=2026-01-01T15:31:19.080255+00:00
2026-01-18 15:39:02,705 | INFO | tripclick-producer | progress sent=37000 topic=tripclick_raw_logs last_session=hrynuwegpnvc5x55ngy2wgj2 event_ts=2026-01-01T15:31:56.233468+00:00
2026-01-18 15:39:02,821 | INFO | tripclick-producer | progress sent=38000 topic=tripclick_raw_logs last_session=v351jeuz3uyirfyz5jlczs55 event_ts=2026-01-01T15:32:25.491665+00:00
2026-01-18 15:39:02,888 | INFO | tripclick-producer | progress sent=39000 topic=tripclick_raw_logs last_session=21o4yt2qzjmewq45tl4bldai event_ts=2026-01-01T15:32:59.417328+00:00
2026-01-18 15:39:02,967 | INFO | tripclick-producer | progress sent=40000 topic=tripclick_raw_logs last_session=3hrfku55htkhvgavsijdu1uu event_ts=2026-01-01T15:33:33.425197+00:00
2026-01-18 15:39:03,033 | INFO | tripclick-producer | progress sent=41000 topic=tripclick_raw_logs last_session=vkpkgo2zrgcmy521jjldkyes event_ts=2026-01-01T15:34:11.913298+00:00
2026-01-18 15:39:03,099 | INFO | tripclick-producer | progress sent=42000 topic=tripclick_raw_logs last_session=bfskqoieytmw3m5551ay4x45 event_ts=2026-01-01T15:34:58.950986+00:00
2026-01-18 15:39:03,179 | INFO | tripclick-producer | progress sent=43000 topic=tripclick_raw_logs last_session=j5odo545anmzau550gfh4wjv event_ts=2026-01-01T15:35:42.937763+00:00
2026-01-18 15:39:03,245 | INFO | tripclick-producer | progress sent=44000 topic=tripclick_raw_logs last_session=bagldi45reojyon1cubeoq45 event_ts=2026-01-01T15:36:24.366372+00:00
2026-01-18 15:39:03,311 | INFO | tripclick-producer | progress sent=45000 topic=tripclick_raw_logs last_session=exq3jxiktg5wou554iypvg45 event_ts=2026-01-01T15:36:59.142238+00:00
2026-01-18 15:39:03,407 | INFO | tripclick-producer | progress sent=46000 topic=tripclick_raw_logs last_session=hj5ufgewe03yio55za2bpo3o event_ts=2026-01-01T15:37:43.156426+00:00
2026-01-18 15:39:03,474 | INFO | tripclick-producer | progress sent=47000 topic=tripclick_raw_logs last_session=grfwx55554zlzzjsa1zs04ai event_ts=2026-01-01T15:38:20.351773+00:00
2026-01-18 15:39:03,554 | INFO | tripclick-producer | progress sent=48000 topic=tripclick_raw_logs last_session=kwyoxr452m3g1b55nzdpjwvr event_ts=2026-01-01T15:39:00.976291+00:00
2026-01-18 15:39:03,663 | INFO | tripclick-producer | progress sent=49000 topic=tripclick_raw_logs last_session=lqcy0f554dh5ffyk1fldy545 event_ts=2026-01-01T15:40:13.774438+00:00
2026-01-18 15:39:03,743 | INFO | tripclick-producer | progress sent=50000 topic=tripclick_raw_logs last_session=pgjdm3mw4umwk4jkm3e5sj45 event_ts=2026-01-01T15:40:47.927733+00:00
2026-01-18 15:39:03,808 | INFO | tripclick-producer | progress sent=51000 topic=tripclick_raw_logs last_session=sdnpcd45dvmpmi451vyxwcqj event_ts=2026-01-01T15:41:22.077685+00:00
2026-01-18 15:39:03,875 | INFO | tripclick-producer | progress sent=52000 topic=tripclick_raw_logs last_session=pudr1m55yfleka55tiats2ns event_ts=2026-01-01T15:42:02.083052+00:00
2026-01-18 15:39:03,941 | INFO | tripclick-producer | progress sent=53000 topic=tripclick_raw_logs last_session=rystwxed0h3vky45kcdz2a55 event_ts=2026-01-01T15:42:41.830856+00:00
2026-01-18 15:39:04,021 | INFO | tripclick-producer | progress sent=54000 topic=tripclick_raw_logs last_session=xlqsd3bezl1ygm3zxq3hbafn event_ts=2026-01-01T15:43:24.145735+00:00
2026-01-18 15:39:04,128 | INFO | tripclick-producer | progress sent=55000 topic=tripclick_raw_logs last_session=5pc1miyvz5xu05ryfzwgdkaz event_ts=2026-01-01T15:44:24.584525+00:00
2026-01-18 15:39:04,194 | INFO | tripclick-producer | progress sent=56000 topic=tripclick_raw_logs last_session=hx1ahs55y1w3fd55mq4uhnrn event_ts=2026-01-01T15:45:09.386652+00:00
2026-01-18 15:39:04,278 | INFO | tripclick-producer | progress sent=57000 topic=tripclick_raw_logs last_session=yvv1a1vcfavy4dqzmxan5d55 event_ts=2026-01-01T15:45:42.286248+00:00
2026-01-18 15:39:04,343 | INFO | tripclick-producer | progress sent=58000 topic=tripclick_raw_logs last_session=fhoeec45rlyjn445clgv4145 event_ts=2026-01-01T15:46:09.861450+00:00
2026-01-18 15:39:04,423 | INFO | tripclick-producer | progress sent=59000 topic=tripclick_raw_logs last_session=ib3jnp55ggwr2x2rusotn145 event_ts=2026-01-01T15:46:51.765315+00:00
2026-01-18 15:39:04,503 | INFO | tripclick-producer | progress sent=60000 topic=tripclick_raw_logs last_session=djlyis550hgr1r55bcpa1sqa event_ts=2026-01-01T15:47:32.749142+00:00
2026-01-18 15:39:04,626 | INFO | tripclick-producer | progress sent=61000 topic=tripclick_raw_logs last_session=1kjr0q553sdxtoz3zdx11255 event_ts=2026-01-01T15:48:17.997117+00:00
2026-01-18 15:39:04,693 | INFO | tripclick-producer | progress sent=62000 topic=tripclick_raw_logs last_session=w2nyoq450idc0s45sipbkcfw event_ts=2026-01-01T15:49:13.554606+00:00
2026-01-18 15:39:04,759 | INFO | tripclick-producer | progress sent=63000 topic=tripclick_raw_logs last_session=uqar2yiguyp0y2flp02khqak event_ts=2026-01-01T15:49:53.093246+00:00
2026-01-18 15:39:04,838 | INFO | tripclick-producer | progress sent=64000 topic=tripclick_raw_logs last_session=jnj20fqkngjhjxy3uqngat55 event_ts=2026-01-01T15:50:26.918505+00:00
2026-01-18 15:39:04,922 | INFO | tripclick-producer | progress sent=65000 topic=tripclick_raw_logs last_session=44ec3545frmugjj2lwrwy355 event_ts=2026-01-01T15:51:06.292710+00:00
2026-01-18 15:39:04,989 | INFO | tripclick-producer | progress sent=66000 topic=tripclick_raw_logs last_session=tltcna45w23ujuzcn0xfc3rk event_ts=2026-01-01T15:51:46.518146+00:00
2026-01-18 15:39:05,069 | INFO | tripclick-producer | progress sent=67000 topic=tripclick_raw_logs last_session=peev0c55my3cmbbs0ydiry45 event_ts=2026-01-01T15:52:26.436707+00:00
2026-01-18 15:39:05,153 | INFO | tripclick-producer | progress sent=68000 topic=tripclick_raw_logs last_session=2p2ibobcz2zchpiahra4bzf2 event_ts=2026-01-01T15:53:27.308520+00:00
2026-01-18 15:39:05,220 | INFO | tripclick-producer | progress sent=69000 topic=tripclick_raw_logs last_session=wqwcki55goc2qaudmyqunci0 event_ts=2026-01-01T15:54:19.465627+00:00
2026-01-18 15:39:05,299 | INFO | tripclick-producer | progress sent=70000 topic=tripclick_raw_logs last_session=5hdzbq45r0gcbd55vcl5js45 event_ts=2026-01-01T15:54:53.257812+00:00
2026-01-18 15:39:05,366 | INFO | tripclick-producer | progress sent=71000 topic=tripclick_raw_logs last_session=xwi2hbzlobzj5n55ektbri55 event_ts=2026-01-01T15:55:31.786067+00:00
2026-01-18 15:39:05,445 | INFO | tripclick-producer | progress sent=72000 topic=tripclick_raw_logs last_session=bghzhmicsymx5255pgrc5q55 event_ts=2026-01-01T15:56:11.773468+00:00
2026-01-18 15:39:05,511 | INFO | tripclick-producer | progress sent=73000 topic=tripclick_raw_logs last_session=i2xbj4f1bpy5bl55t3ae0vyt event_ts=2026-01-01T15:57:04.538540+00:00
2026-01-18 15:39:05,590 | INFO | tripclick-producer | progress sent=74000 topic=tripclick_raw_logs last_session=ljlehv55ytdiosfe1nhb3x45 event_ts=2026-01-01T15:58:18.056429+00:00
2026-01-18 15:39:05,684 | INFO | tripclick-producer | progress sent=75000 topic=tripclick_raw_logs last_session=abuagp55iyy2hyvwfdip3j45 event_ts=2026-01-01T15:59:03.855349+00:00
2026-01-18 15:39:05,750 | INFO | tripclick-producer | progress sent=76000 topic=tripclick_raw_logs last_session=josvhq3ypdbr0b45wum5h255 event_ts=2026-01-01T15:59:44.533844+00:00
2026-01-18 15:39:15,863 | INFO | tripclick-producer | DONE total_sent=76242 file=/home/ubuntu/server1/date=2026-01-01/events.json
